[22-May-2026 09:46:17 UTC] Marrison Assistant: Loading plugin v1.0.0 from /web/htdocs/www.studiomarcoabbate.com/home/wp-content/plugins/marrison-assistant-condominio/
[22-May-2026 09:46:17 UTC] Marrison Assistant: Initializing updater
[22-May-2026 09:46:17 UTC] Marrison Assistant: Initializing main plugin class
[22-May-2026 09:46:17 UTC] PHP Deprecated:  Return type of PMXE_Config::getIterator() should either be compatible with IteratorAggregate::getIterator(): Traversable, or the #[\ReturnTypeWillChange] attribute should be used to temporarily suppress the notice in /web/htdocs/www.studiomarcoabbate.com/home/wp-content/plugins/wp-all-export-pro/classes/config.php on line 92
[22-May-2026 09:46:25 UTC] Marrison Assistant: Loading plugin v1.0.0 from /web/htdocs/www.studiomarcoabbate.com/home/wp-content/plugins/marrison-assistant-condominio/
[22-May-2026 09:46:25 UTC] Marrison Assistant: Initializing updater
[22-May-2026 09:46:25 UTC] Marrison Assistant: Initializing main plugin class
[22-May-2026 09:46:25 UTC] PHP Deprecated:  Return type of PMXE_Config::getIterator() should either be compatible with IteratorAggregate::getIterator(): Traversable, or the #[\ReturnTypeWillChange] attribute should be used to temporarily suppress the notice in /web/htdocs/www.studiomarcoabbate.com/home/wp-content/plugins/wp-all-export-pro/classes/config.php on line 92
[22-May-2026 09:46:26 UTC] Marrison Assistant: call_commander START - intent=condominio_classify prompt_bytes=3090 site_url=https://www.studiomarcoabbate.com
[22-May-2026 09:46:32 UTC] Marrison Assistant: token — prompt=839 output=49 total=888
[22-May-2026 09:46:32 UTC] Marrison Assistant: invio token log al Commander - site_url=https://www.studiomarcoabbate.com tokens=888
[22-May-2026 09:46:33 UTC] Marrison Assistant: Commander risposta HTTP 200 body={"success":true,"id":1}
[22-May-2026 09:46:33 UTC] Marrison Assistant: Loading plugin v1.0.0 from /web/htdocs/www.studiomarcoabbate.com/home/wp-content/plugins/marrison-assistant-condominio/
[22-May-2026 09:46:33 UTC] Marrison Assistant: Initializing updater
[22-May-2026 09:46:33 UTC] Marrison Assistant: Initializing main plugin class
[22-May-2026 09:46:33 UTC] PHP Deprecated:  Return type of PMXE_Config::getIterator() should either be compatible with IteratorAggregate::getIterator(): Traversable, or the #[\ReturnTypeWillChange] attribute should be used to temporarily suppress the notice in /web/htdocs/www.studiomarcoabbate.com/home/wp-content/plugins/wp-all-export-pro/classes/config.php on line 92
[22-May-2026 09:46:37 UTC] Marrison Assistant: Loading plugin v1.0.0 from /web/htdocs/www.studiomarcoabbate.com/home/wp-content/plugins/marrison-assistant-condominio/
[22-May-2026 09:46:37 UTC] Marrison Assistant: Initializing updater
[22-May-2026 09:46:37 UTC] Marrison Assistant: Initializing main plugin class
[22-May-2026 09:46:37 UTC] PHP Deprecated:  Return type of PMXE_Config::getIterator() should either be compatible with IteratorAggregate::getIterator(): Traversable, or the #[\ReturnTypeWillChange] attribute should be used to temporarily suppress the notice in /web/htdocs/www.studiomarcoabbate.com/home/wp-content/plugins/wp-all-export-pro/classes/config.php on line 92
[22-May-2026 09:46:38 UTC] Marrison Assistant: Loading plugin v1.0.0 from /web/htdocs/www.studiomarcoabbate.com/home/wp-content/plugins/marrison-assistant-condominio/
[22-May-2026 09:46:38 UTC] Marrison Assistant: Initializing updater
[22-May-2026 09:46:38 UTC] Marrison Assistant: Initializing main plugin class
[22-May-2026 09:46:38 UTC] PHP Deprecated:  Return type of PMXE_Config::getIterator() should either be compatible with IteratorAggregate::getIterator(): Traversable, or the #[\ReturnTypeWillChange] attribute should be used to temporarily suppress the notice in /web/htdocs/www.studiomarcoabbate.com/home/wp-content/plugins/wp-all-export-pro/classes/config.php on line 92
[22-May-2026 09:47:51 UTC] Marrison Assistant: Loading plugin v1.0.0 from /web/htdocs/www.studiomarcoabbate.com/home/wp-content/plugins/marrison-assistant-condominio/
[22-May-2026 09:47:51 UTC] Marrison Assistant: Initializing updater
[22-May-2026 09:47:51 UTC] Marrison Assistant: Initializing main plugin class
[22-May-2026 09:47:51 UTC] PHP Deprecated:  Return type of PMXE_Config::getIterator() should either be compatible with IteratorAggregate::getIterator(): Traversable, or the #[\ReturnTypeWillChange] attribute should be used to temporarily suppress the notice in /web/htdocs/www.studiomarcoabbate.com/home/wp-content/plugins/wp-all-export-pro/classes/config.php on line 92
[22-May-2026 09:47:52 UTC] Marrison Assistant: Loading plugin v1.0.0 from /web/htdocs/www.studiomarcoabbate.com/home/wp-content/plugins/marrison-assistant-condominio/
[22-May-2026 09:47:52 UTC] Marrison Assistant: Initializing updater
[22-May-2026 09:47:52 UTC] Marrison Assistant: Initializing main plugin class
[22-May-2026 09:47:52 UTC] PHP Deprecated:  Return type of PMXE_Config::getIterator() should either be compatible with IteratorAggregate::getIterator(): Traversable, or the #[\ReturnTypeWillChange] attribute should be used to temporarily suppress the notice in /web/htdocs/www.studiomarcoabbate.com/home/wp-content/plugins/wp-all-export-pro/classes/config.php on line 92
[22-May-2026 09:49:26 UTC] Marrison Assistant: Loading plugin v1.0.0 from /web/htdocs/www.studiomarcoabbate.com/home/wp-content/plugins/marrison-assistant-condominio/
[22-May-2026 09:49:26 UTC] Marrison Assistant: Initializing updater
[22-May-2026 09:49:26 UTC] Marrison Assistant: Initializing main plugin class
[22-May-2026 09:49:26 UTC] PHP Deprecated:  Return type of PMXE_Config::getIterator() should either be compatible with IteratorAggregate::getIterator(): Traversable, or the #[\ReturnTypeWillChange] attribute should be used to temporarily suppress the notice in /web/htdocs/www.studiomarcoabbate.com/home/wp-content/plugins/wp-all-export-pro/classes/config.php on line 92
[22-May-2026 09:49:26 UTC] Marrison Assistant: Loading plugin v1.0.0 from /web/htdocs/www.studiomarcoabbate.com/home/wp-content/plugins/marrison-assistant-condominio/
[22-May-2026 09:49:26 UTC] Marrison Assistant: Initializing updater
[22-May-2026 09:49:26 UTC] Marrison Assistant: Initializing main plugin class
[22-May-2026 09:49:26 UTC] PHP Deprecated:  Return type of PMXE_Config::getIterator() should either be compatible with IteratorAggregate::getIterator(): Traversable, or the #[\ReturnTypeWillChange] attribute should be used to temporarily suppress the notice in /web/htdocs/www.studiomarcoabbate.com/home/wp-content/plugins/wp-all-export-pro/classes/config.php on line 92
[22-May-2026 09:49:46 UTC] Marrison Assistant: Loading plugin v1.0.0 from /web/htdocs/www.studiomarcoabbate.com/home/wp-content/plugins/marrison-assistant-condominio/
[22-May-2026 09:49:46 UTC] Marrison Assistant: Initializing updater
[22-May-2026 09:49:46 UTC] Marrison Assistant: Initializing main plugin class
[22-May-2026 09:49:46 UTC] PHP Deprecated:  Return type of PMXE_Config::getIterator() should either be compatible with IteratorAggregate::getIterator(): Traversable, or the #[\ReturnTypeWillChange] attribute should be used to temporarily suppress the notice in /web/htdocs/www.studiomarcoabbate.com/home/wp-content/plugins/wp-all-export-pro/classes/config.php on line 92
[22-May-2026 09:49:52 UTC] Marrison Assistant: Loading plugin v1.0.0 from /web/htdocs/www.studiomarcoabbate.com/home/wp-content/plugins/marrison-assistant-condominio/
[22-May-2026 09:49:52 UTC] Marrison Assistant: Initializing updater
[22-May-2026 09:49:52 UTC] Marrison Assistant: Initializing main plugin class
[22-May-2026 09:49:52 UTC] PHP Deprecated:  Return type of PMXE_Config::getIterator() should either be compatible with IteratorAggregate::getIterator(): Traversable, or the #[\ReturnTypeWillChange] attribute should be used to temporarily suppress the notice in /web/htdocs/www.studiomarcoabbate.com/home/wp-content/plugins/wp-all-export-pro/classes/config.php on line 92
[22-May-2026 09:49:52 UTC] Marrison Assistant: Loading plugin v1.0.0 from /web/htdocs/www.studiomarcoabbate.com/home/wp-content/plugins/marrison-assistant-condominio/
[22-May-2026 09:49:52 UTC] Marrison Assistant: Initializing updater
[22-May-2026 09:49:52 UTC] Marrison Assistant: Initializing main plugin class
[22-May-2026 09:49:52 UTC] PHP Deprecated:  Return type of PMXE_Config::getIterator() should either be compatible with IteratorAggregate::getIterator(): Traversable, or the #[\ReturnTypeWillChange] attribute should be used to temporarily suppress the notice in /web/htdocs/www.studiomarcoabbate.com/home/wp-content/plugins/wp-all-export-pro/classes/config.php on line 92
